0 info it worked if it ends with ok
1 verbose cli [ '/usr/bin/nodejs', '/usr/bin/npm', 'run', 'prepublish' ]
2 info using npm@3.10.3
3 info using node@v6.3.1
4 verbose run-script [ 'prepublish' ]
5 info lifecycle react-rethinkdb@0.6.0~prepublish: react-rethinkdb@0.6.0
6 verbose lifecycle react-rethinkdb@0.6.0~prepublish: unsafe-perm in lifecycle true
7 verbose lifecycle react-rethinkdb@0.6.0~prepublish: PATH: /usr/lib/node_modules/npm/bin/node-gyp-bin:/root/react-rethinkdb/node_modules/.bin:/usr/bin:/root/meteor:/usr/bin/programs/miniconda2/bin:/usr/local/heroku/bin:/root/miniconda2/bin:/usr/local/sbin:/usr/local/bin:/usr/sbin:/usr/bin:/sbin:/bin:/usr/games:/usr/local/games
8 verbose lifecycle react-rethinkdb@0.6.0~prepublish: CWD: /root/react-rethinkdb
9 silly lifecycle react-rethinkdb@0.6.0~prepublish: Args: [ '-c', 'eslint src && babel -d dist src' ]
10 info lifecycle react-rethinkdb@0.6.0~prepublish: Failed to exec prepublish script
11 verbose stack Error: react-rethinkdb@0.6.0 prepublish: `eslint src && babel -d dist src`
11 verbose stack spawn ENOENT
11 verbose stack     at ChildProcess.<anonymous> (/usr/lib/node_modules/npm/lib/utils/spawn.js:33:16)
11 verbose stack     at emitTwo (events.js:106:13)
11 verbose stack     at ChildProcess.emit (events.js:191:7)
11 verbose stack     at maybeClose (internal/child_process.js:852:16)
11 verbose stack     at Process.ChildProcess._handle.onexit (internal/child_process.js:215:5)
12 verbose pkgid react-rethinkdb@0.6.0
13 verbose cwd /root/react-rethinkdb
14 error Linux 3.13.0-57-generic
15 error argv "/usr/bin/nodejs" "/usr/bin/npm" "run" "prepublish"
16 error node v6.3.1
17 error npm  v3.10.3
18 error file sh
19 error code ELIFECYCLE
20 error errno ENOENT
21 error syscall spawn
22 error react-rethinkdb@0.6.0 prepublish: `eslint src && babel -d dist src`
22 error spawn ENOENT
23 error Failed at the react-rethinkdb@0.6.0 prepublish script 'eslint src && babel -d dist src'.
23 error Make sure you have the latest version of node.js and npm installed.
23 error If you do, this is most likely a problem with the react-rethinkdb package,
23 error not with npm itself.
23 error Tell the author that this fails on your system:
23 error     eslint src && babel -d dist src
23 error You can get information on how to open an issue for this project with:
23 error     npm bugs react-rethinkdb
23 error Or if that isn't available, you can get their info via:
23 error     npm owner ls react-rethinkdb
23 error There is likely additional logging output above.
24 verbose exit [ 1, true ]
